nohup: 忽略输入
Detected Discrete Task: TFBind8-Exact-v0. Applying One-Hot + Dequantization.
Data Loaded: Input Dim=32 | Total 32898 | Gold 3289

Training RankProxy with ListNet Loss (RaM Strategy)...
RaM-ListNet Epoch 20/2000 | Loss: 6.1816 | Pred Std: 0.6373
RaM-ListNet Epoch 40/2000 | Loss: 6.1755 | Pred Std: 0.5980
RaM-ListNet Epoch 60/2000 | Loss: 6.1944 | Pred Std: 0.5684
RaM-ListNet Epoch 80/2000 | Loss: 6.0300 | Pred Std: 0.5934
RaM-ListNet Epoch 100/2000 | Loss: 5.9339 | Pred Std: 0.6875
RaM-ListNet Epoch 120/2000 | Loss: 5.9024 | Pred Std: 0.7563
RaM-ListNet Epoch 140/2000 | Loss: 6.0598 | Pred Std: 0.7545
RaM-ListNet Epoch 160/2000 | Loss: 6.0349 | Pred Std: 0.6345
RaM-ListNet Epoch 180/2000 | Loss: 5.8782 | Pred Std: 0.7337
RaM-ListNet Epoch 200/2000 | Loss: 6.1177 | Pred Std: 0.7485
RaM-ListNet Epoch 220/2000 | Loss: 5.8930 | Pred Std: 0.7698
RaM-ListNet Epoch 240/2000 | Loss: 5.9338 | Pred Std: 0.7393
RaM-ListNet Epoch 260/2000 | Loss: 5.8904 | Pred Std: 0.7883
RaM-ListNet Epoch 280/2000 | Loss: 6.0421 | Pred Std: 0.7353
RaM-ListNet Epoch 300/2000 | Loss: 5.9043 | Pred Std: 0.8160
RaM-ListNet Epoch 320/2000 | Loss: 6.1264 | Pred Std: 0.8362
RaM-ListNet Epoch 340/2000 | Loss: 5.8371 | Pred Std: 0.7681
RaM-ListNet Epoch 360/2000 | Loss: 5.8989 | Pred Std: 0.7685
RaM-ListNet Epoch 380/2000 | Loss: 5.9955 | Pred Std: 0.8620
RaM-ListNet Epoch 400/2000 | Loss: 6.0759 | Pred Std: 0.8125
RaM-ListNet Epoch 420/2000 | Loss: 6.1026 | Pred Std: 0.7791
RaM-ListNet Epoch 440/2000 | Loss: 6.0795 | Pred Std: 0.8287
RaM-ListNet Epoch 460/2000 | Loss: 5.9603 | Pred Std: 0.8182
RaM-ListNet Epoch 480/2000 | Loss: 6.0390 | Pred Std: 0.8011
RaM-ListNet Epoch 500/2000 | Loss: 5.9581 | Pred Std: 0.7830
RaM-ListNet Epoch 520/2000 | Loss: 5.9439 | Pred Std: 0.7895
RaM-ListNet Epoch 540/2000 | Loss: 5.8832 | Pred Std: 0.8201
RaM-ListNet Epoch 560/2000 | Loss: 5.8852 | Pred Std: 0.8088
RaM-ListNet Epoch 580/2000 | Loss: 5.7051 | Pred Std: 0.8454
RaM-ListNet Epoch 600/2000 | Loss: 5.9163 | Pred Std: 0.8168
RaM-ListNet Epoch 620/2000 | Loss: 5.8661 | Pred Std: 0.8726
RaM-ListNet Epoch 640/2000 | Loss: 5.9566 | Pred Std: 0.8499
RaM-ListNet Epoch 660/2000 | Loss: 5.8462 | Pred Std: 0.9074
RaM-ListNet Epoch 680/2000 | Loss: 6.0222 | Pred Std: 0.8733
RaM-ListNet Epoch 700/2000 | Loss: 5.7288 | Pred Std: 0.7841
RaM-ListNet Epoch 720/2000 | Loss: 5.7857 | Pred Std: 0.8529
RaM-ListNet Epoch 740/2000 | Loss: 5.8355 | Pred Std: 0.8886
RaM-ListNet Epoch 760/2000 | Loss: 5.8916 | Pred Std: 0.9499
RaM-ListNet Epoch 780/2000 | Loss: 5.6904 | Pred Std: 0.8774
RaM-ListNet Epoch 800/2000 | Loss: 5.7807 | Pred Std: 0.9497
RaM-ListNet Epoch 820/2000 | Loss: 5.7672 | Pred Std: 0.8442
RaM-ListNet Epoch 840/2000 | Loss: 5.7509 | Pred Std: 0.8861
RaM-ListNet Epoch 860/2000 | Loss: 5.8764 | Pred Std: 0.9137
RaM-ListNet Epoch 880/2000 | Loss: 5.6093 | Pred Std: 0.9078
RaM-ListNet Epoch 900/2000 | Loss: 5.9191 | Pred Std: 0.8420
RaM-ListNet Epoch 920/2000 | Loss: 5.8472 | Pred Std: 0.8653
RaM-ListNet Epoch 940/2000 | Loss: 6.0540 | Pred Std: 0.8804
RaM-ListNet Epoch 960/2000 | Loss: 5.6989 | Pred Std: 0.9491
RaM-ListNet Epoch 980/2000 | Loss: 5.9571 | Pred Std: 0.9287
RaM-ListNet Epoch 1000/2000 | Loss: 5.8374 | Pred Std: 0.8850
RaM-ListNet Epoch 1020/2000 | Loss: 5.8464 | Pred Std: 0.9285
RaM-ListNet Epoch 1040/2000 | Loss: 5.7314 | Pred Std: 0.9917
RaM-ListNet Epoch 1060/2000 | Loss: 5.6151 | Pred Std: 0.9472
RaM-ListNet Epoch 1080/2000 | Loss: 5.5949 | Pred Std: 0.8874
RaM-ListNet Epoch 1100/2000 | Loss: 5.9623 | Pred Std: 0.9147
RaM-ListNet Epoch 1120/2000 | Loss: 5.7621 | Pred Std: 0.8713
RaM-ListNet Epoch 1140/2000 | Loss: 5.5771 | Pred Std: 0.9272
RaM-ListNet Epoch 1160/2000 | Loss: 5.8692 | Pred Std: 0.9668
RaM-ListNet Epoch 1180/2000 | Loss: 5.8307 | Pred Std: 0.9493
RaM-ListNet Epoch 1200/2000 | Loss: 5.8568 | Pred Std: 0.9026
RaM-ListNet Epoch 1220/2000 | Loss: 5.6895 | Pred Std: 0.9123
RaM-ListNet Epoch 1240/2000 | Loss: 5.8118 | Pred Std: 0.9769
RaM-ListNet Epoch 1260/2000 | Loss: 5.6470 | Pred Std: 0.8895
RaM-ListNet Epoch 1280/2000 | Loss: 5.7854 | Pred Std: 1.0076
RaM-ListNet Epoch 1300/2000 | Loss: 5.9144 | Pred Std: 0.9167
RaM-ListNet Epoch 1320/2000 | Loss: 5.9924 | Pred Std: 0.9020
RaM-ListNet Epoch 1340/2000 | Loss: 5.8598 | Pred Std: 1.0289
RaM-ListNet Epoch 1360/2000 | Loss: 5.6969 | Pred Std: 0.9498
RaM-ListNet Epoch 1380/2000 | Loss: 5.6840 | Pred Std: 0.9719
RaM-ListNet Epoch 1400/2000 | Loss: 5.7879 | Pred Std: 0.9107
RaM-ListNet Epoch 1420/2000 | Loss: 5.6858 | Pred Std: 1.0321
RaM-ListNet Epoch 1440/2000 | Loss: 5.7508 | Pred Std: 0.9154
RaM-ListNet Epoch 1460/2000 | Loss: 5.7579 | Pred Std: 0.9360
RaM-ListNet Epoch 1480/2000 | Loss: 5.8025 | Pred Std: 0.8999
RaM-ListNet Epoch 1500/2000 | Loss: 5.7584 | Pred Std: 1.0317
RaM-ListNet Epoch 1520/2000 | Loss: 6.0796 | Pred Std: 0.9828
RaM-ListNet Epoch 1540/2000 | Loss: 5.5229 | Pred Std: 0.9780
RaM-ListNet Epoch 1560/2000 | Loss: 5.5998 | Pred Std: 1.0555
RaM-ListNet Epoch 1580/2000 | Loss: 5.7892 | Pred Std: 0.9383
RaM-ListNet Epoch 1600/2000 | Loss: 5.7635 | Pred Std: 0.9358
RaM-ListNet Epoch 1620/2000 | Loss: 5.6067 | Pred Std: 1.0290
RaM-ListNet Epoch 1640/2000 | Loss: 5.6671 | Pred Std: 0.9833
RaM-ListNet Epoch 1660/2000 | Loss: 5.6431 | Pred Std: 1.1026
RaM-ListNet Epoch 1680/2000 | Loss: 5.8139 | Pred Std: 0.9145
RaM-ListNet Epoch 1700/2000 | Loss: 5.7140 | Pred Std: 1.0770
RaM-ListNet Epoch 1720/2000 | Loss: 5.7029 | Pred Std: 0.9831
RaM-ListNet Epoch 1740/2000 | Loss: 5.8057 | Pred Std: 1.0002
RaM-ListNet Epoch 1760/2000 | Loss: 5.5140 | Pred Std: 0.9803
RaM-ListNet Epoch 1780/2000 | Loss: 5.8836 | Pred Std: 1.0108
RaM-ListNet Epoch 1800/2000 | Loss: 5.7429 | Pred Std: 0.9683
RaM-ListNet Epoch 1820/2000 | Loss: 5.7447 | Pred Std: 0.9588
RaM-ListNet Epoch 1840/2000 | Loss: 5.5775 | Pred Std: 1.0299
RaM-ListNet Epoch 1860/2000 | Loss: 5.7426 | Pred Std: 1.0864
RaM-ListNet Epoch 1880/2000 | Loss: 5.7942 | Pred Std: 0.9238
RaM-ListNet Epoch 1900/2000 | Loss: 5.7520 | Pred Std: 1.0184
RaM-ListNet Epoch 1920/2000 | Loss: 5.5741 | Pred Std: 0.9773
RaM-ListNet Epoch 1940/2000 | Loss: 5.6177 | Pred Std: 0.9986
RaM-ListNet Epoch 1960/2000 | Loss: 5.7146 | Pred Std: 0.9610
RaM-ListNet Epoch 1980/2000 | Loss: 5.5339 | Pred Std: 1.0675
RaM-ListNet Epoch 2000/2000 | Loss: 5.6194 | Pred Std: 0.9888

Training Flow Model (PA-FDO Dynamic)...

[Check Training Data] y_anc mean: 0.0025 | min: -3.1356 | max: 1.4761
[Train Debug] v_pred norm: 0.79 | Target u_t norm: 4.06
[Train Debug] v_pred norm: 0.77 | Target u_t norm: 4.00
[Train Debug] v_pred norm: 0.89 | Target u_t norm: 4.04
[Train Debug] v_pred norm: 0.98 | Target u_t norm: 4.01
[Train Debug] v_pred norm: 0.98 | Target u_t norm: 4.03
[Train Debug] v_pred norm: 1.10 | Target u_t norm: 4.01
[Train Debug] v_pred norm: 1.08 | Target u_t norm: 4.04
[Train Debug] v_pred norm: 1.15 | Target u_t norm: 4.03
[Train Debug] v_pred norm: 1.23 | Target u_t norm: 4.01
[Train Debug] v_pred norm: 1.17 | Target u_t norm: 4.02
[Train Debug] v_pred norm: 1.24 | Target u_t norm: 4.02
Step 500/20000 | Loss: 0.4817
[Train Debug] v_pred norm: 1.37 | Target u_t norm: 4.01
[Train Debug] v_pred norm: 1.31 | Target u_t norm: 3.99
[Train Debug] v_pred norm: 1.45 | Target u_t norm: 3.99
[Train Debug] v_pred norm: 1.43 | Target u_t norm: 3.99
Step 1000/20000 | Loss: 0.4514
[Train Debug] v_pred norm: 1.66 | Target u_t norm: 4.05
[Train Debug] v_pred norm: 1.67 | Target u_t norm: 4.02
[Train Debug] v_pred norm: 1.70 | Target u_t norm: 4.06
[Train Debug] v_pred norm: 1.59 | Target u_t norm: 4.04
[Train Debug] v_pred norm: 1.69 | Target u_t norm: 4.07
[Train Debug] v_pred norm: 1.77 | Target u_t norm: 4.04
[Train Debug] v_pred norm: 1.68 | Target u_t norm: 4.06
[Train Debug] v_pred norm: 1.73 | Target u_t norm: 4.03
[Train Debug] v_pred norm: 1.83 | Target u_t norm: 4.04
Step 1500/20000 | Loss: 0.3905
[Train Debug] v_pred norm: 1.98 | Target u_t norm: 3.98
[Train Debug] v_pred norm: 1.87 | Target u_t norm: 4.00
[Train Debug] v_pred norm: 2.12 | Target u_t norm: 4.06
[Train Debug] v_pred norm: 2.12 | Target u_t norm: 4.05
Step 2000/20000 | Loss: 0.3733
[Train Debug] v_pred norm: 2.20 | Target u_t norm: 4.02
[Train Debug] v_pred norm: 2.29 | Target u_t norm: 4.05
[Train Debug] v_pred norm: 2.28 | Target u_t norm: 4.03
[Train Debug] v_pred norm: 2.25 | Target u_t norm: 4.05
[Train Debug] v_pred norm: 2.24 | Target u_t norm: 3.98
Step 2500/20000 | Loss: 0.3626
[Train Debug] v_pred norm: 2.27 | Target u_t norm: 4.09
[Train Debug] v_pred norm: 2.52 | Target u_t norm: 4.03
[Train Debug] v_pred norm: 2.33 | Target u_t norm: 4.01
[Train Debug] v_pred norm: 2.25 | Target u_t norm: 4.03
[Train Debug] v_pred norm: 2.30 | Target u_t norm: 4.00
Step 3000/20000 | Loss: 0.3061
[Train Debug] v_pred norm: 2.38 | Target u_t norm: 4.04
[Train Debug] v_pred norm: 2.54 | Target u_t norm: 4.08
Step 3500/20000 | Loss: 0.2966
[Train Debug] v_pred norm: 2.43 | Target u_t norm: 3.99
[Train Debug] v_pred norm: 2.60 | Target u_t norm: 4.08
[Train Debug] v_pred norm: 2.53 | Target u_t norm: 4.07
[Train Debug] v_pred norm: 2.49 | Target u_t norm: 3.99
[Train Debug] v_pred norm: 2.44 | Target u_t norm: 4.05
[Train Debug] v_pred norm: 2.58 | Target u_t norm: 4.08
[Train Debug] v_pred norm: 2.56 | Target u_t norm: 4.04
[Train Debug] v_pred norm: 2.55 | Target u_t norm: 4.05
[Train Debug] v_pred norm: 2.58 | Target u_t norm: 3.97
[Train Debug] v_pred norm: 2.45 | Target u_t norm: 4.05
Step 4000/20000 | Loss: 0.2940
[Train Debug] v_pred norm: 2.57 | Target u_t norm: 4.07
[Train Debug] v_pred norm: 2.60 | Target u_t norm: 4.04
[Train Debug] v_pred norm: 2.52 | Target u_t norm: 4.01
[Train Debug] v_pred norm: 2.54 | Target u_t norm: 4.03
[Train Debug] v_pred norm: 2.68 | Target u_t norm: 4.08
[Train Debug] v_pred norm: 2.68 | Target u_t norm: 4.04
Step 4500/20000 | Loss: 0.2894
[Train Debug] v_pred norm: 2.62 | Target u_t norm: 4.06
[Train Debug] v_pred norm: 2.56 | Target u_t norm: 4.00
[Train Debug] v_pred norm: 2.55 | Target u_t norm: 4.01
[Train Debug] v_pred norm: 2.73 | Target u_t norm: 4.04
[Train Debug] v_pred norm: 2.68 | Target u_t norm: 4.06
[Train Debug] v_pred norm: 2.78 | Target u_t norm: 4.05
Step 5000/20000 | Loss: 0.2758
[Train Debug] v_pred norm: 2.67 | Target u_t norm: 4.05
[Train Debug] v_pred norm: 2.81 | Target u_t norm: 4.07
[Train Debug] v_pred norm: 2.76 | Target u_t norm: 4.07
[Train Debug] v_pred norm: 2.59 | Target u_t norm: 4.03
[Train Debug] v_pred norm: 2.75 | Target u_t norm: 4.06
Step 5500/20000 | Loss: 0.2629
[Train Debug] v_pred norm: 2.69 | Target u_t norm: 4.04
[Train Debug] v_pred norm: 2.75 | Target u_t norm: 4.03
[Train Debug] v_pred norm: 2.76 | Target u_t norm: 3.99
[Train Debug] v_pred norm: 2.77 | Target u_t norm: 4.04
[Train Debug] v_pred norm: 2.74 | Target u_t norm: 4.03
[Train Debug] v_pred norm: 2.74 | Target u_t norm: 4.03
[Train Debug] v_pred norm: 2.77 | Target u_t norm: 4.06
[Train Debug] v_pred norm: 2.85 | Target u_t norm: 4.05
[Train Debug] v_pred norm: 2.68 | Target u_t norm: 4.09
[Train Debug] v_pred norm: 2.75 | Target u_t norm: 4.04
[Train Debug] v_pred norm: 2.74 | Target u_t norm: 4.05
Step 6000/20000 | Loss: 0.2493
[Train Debug] v_pred norm: 2.78 | Target u_t norm: 4.04
[Train Debug] v_pred norm: 2.78 | Target u_t norm: 4.03
[Train Debug] v_pred norm: 2.80 | Target u_t norm: 4.00
[Train Debug] v_pred norm: 2.70 | Target u_t norm: 4.05
[Train Debug] v_pred norm: 2.70 | Target u_t norm: 4.02
[Train Debug] v_pred norm: 2.74 | Target u_t norm: 4.06
[Train Debug] v_pred norm: 2.80 | Target u_t norm: 4.03
Step 6500/20000 | Loss: 0.2516
[Train Debug] v_pred norm: 2.74 | Target u_t norm: 4.01
[Train Debug] v_pred norm: 2.87 | Target u_t norm: 4.06
[Train Debug] v_pred norm: 2.73 | Target u_t norm: 4.06
[Train Debug] v_pred norm: 2.80 | Target u_t norm: 4.02
[Train Debug] v_pred norm: 2.86 | Target u_t norm: 4.01
Step 7000/20000 | Loss: 0.2548
[Train Debug] v_pred norm: 2.90 | Target u_t norm: 4.09
[Train Debug] v_pred norm: 2.88 | Target u_t norm: 4.02
[Train Debug] v_pred norm: 2.85 | Target u_t norm: 4.06
[Train Debug] v_pred norm: 2.90 | Target u_t norm: 4.09
Step 7500/20000 | Loss: 0.2325
[Train Debug] v_pred norm: 2.82 | Target u_t norm: 4.03
Step 8000/20000 | Loss: 0.2482
[Train Debug] v_pred norm: 2.97 | Target u_t norm: 4.05
[Train Debug] v_pred norm: 2.78 | Target u_t norm: 4.01
[Train Debug] v_pred norm: 2.90 | Target u_t norm: 4.06
[Train Debug] v_pred norm: 2.92 | Target u_t norm: 3.99
Step 8500/20000 | Loss: 0.2300
[Train Debug] v_pred norm: 2.69 | Target u_t norm: 4.02
[Train Debug] v_pred norm: 2.96 | Target u_t norm: 4.04
[Train Debug] v_pred norm: 2.96 | Target u_t norm: 4.01
[Train Debug] v_pred norm: 3.05 | Target u_t norm: 4.05
Step 9000/20000 | Loss: 0.2315
[Train Debug] v_pred norm: 3.13 | Target u_t norm: 4.06
[Train Debug] v_pred norm: 2.94 | Target u_t norm: 4.01
[Train Debug] v_pred norm: 2.84 | Target u_t norm: 4.03
[Train Debug] v_pred norm: 2.86 | Target u_t norm: 4.06
[Train Debug] v_pred norm: 2.89 | Target u_t norm: 4.04
[Train Debug] v_pred norm: 2.94 | Target u_t norm: 4.00
[Train Debug] v_pred norm: 2.96 | Target u_t norm: 4.04
[Train Debug] v_pred norm: 2.94 | Target u_t norm: 4.02
Step 9500/20000 | Loss: 0.2000
[Train Debug] v_pred norm: 2.85 | Target u_t norm: 4.00
[Train Debug] v_pred norm: 2.85 | Target u_t norm: 4.06
[Train Debug] v_pred norm: 2.87 | Target u_t norm: 4.04
Step 10000/20000 | Loss: 0.2102
[Train Debug] v_pred norm: 2.92 | Target u_t norm: 4.01
[Train Debug] v_pred norm: 3.00 | Target u_t norm: 4.04
[Train Debug] v_pred norm: 2.91 | Target u_t norm: 4.02
[Train Debug] v_pred norm: 2.99 | Target u_t norm: 4.06
[Train Debug] v_pred norm: 2.92 | Target u_t norm: 4.05
Step 10500/20000 | Loss: 0.2046
[Train Debug] v_pred norm: 2.81 | Target u_t norm: 4.03
[Train Debug] v_pred norm: 2.99 | Target u_t norm: 4.05
[Train Debug] v_pred norm: 3.13 | Target u_t norm: 4.08
[Train Debug] v_pred norm: 3.03 | Target u_t norm: 4.10
[Train Debug] v_pred norm: 2.81 | Target u_t norm: 4.01
Step 11000/20000 | Loss: 0.2048
[Train Debug] v_pred norm: 2.96 | Target u_t norm: 4.05
[Train Debug] v_pred norm: 3.00 | Target u_t norm: 4.02
[Train Debug] v_pred norm: 2.93 | Target u_t norm: 4.04
[Train Debug] v_pred norm: 3.09 | Target u_t norm: 4.06
Step 11500/20000 | Loss: 0.2008
[Train Debug] v_pred norm: 2.94 | Target u_t norm: 4.03
[Train Debug] v_pred norm: 2.90 | Target u_t norm: 3.99
[Train Debug] v_pred norm: 3.06 | Target u_t norm: 4.01
[Train Debug] v_pred norm: 3.06 | Target u_t norm: 4.06
[Train Debug] v_pred norm: 3.01 | Target u_t norm: 4.03
Step 12000/20000 | Loss: 0.2041
[Train Debug] v_pred norm: 2.84 | Target u_t norm: 4.00
[Train Debug] v_pred norm: 3.09 | Target u_t norm: 4.03
[Train Debug] v_pred norm: 2.96 | Target u_t norm: 3.98
[Train Debug] v_pred norm: 3.01 | Target u_t norm: 4.04
Step 12500/20000 | Loss: 0.1965
[Train Debug] v_pred norm: 3.02 | Target u_t norm: 4.04
[Train Debug] v_pred norm: 3.07 | Target u_t norm: 4.04
[Train Debug] v_pred norm: 3.04 | Target u_t norm: 4.01
[Train Debug] v_pred norm: 2.91 | Target u_t norm: 4.02
Step 13000/20000 | Loss: 0.1984
[Train Debug] v_pred norm: 2.99 | Target u_t norm: 4.04
[Train Debug] v_pred norm: 3.03 | Target u_t norm: 4.03
[Train Debug] v_pred norm: 3.09 | Target u_t norm: 4.02
Step 13500/20000 | Loss: 0.2123
[Train Debug] v_pred norm: 2.99 | Target u_t norm: 4.05
[Train Debug] v_pred norm: 3.01 | Target u_t norm: 4.00
[Train Debug] v_pred norm: 3.01 | Target u_t norm: 4.08
[Train Debug] v_pred norm: 2.99 | Target u_t norm: 4.08
Step 14000/20000 | Loss: 0.2012
[Train Debug] v_pred norm: 2.99 | Target u_t norm: 4.04
[Train Debug] v_pred norm: 3.04 | Target u_t norm: 4.00
[Train Debug] v_pred norm: 2.99 | Target u_t norm: 4.00
Step 14500/20000 | Loss: 0.2042
[Train Debug] v_pred norm: 2.98 | Target u_t norm: 4.03
[Train Debug] v_pred norm: 2.96 | Target u_t norm: 4.02
[Train Debug] v_pred norm: 3.11 | Target u_t norm: 4.06
[Train Debug] v_pred norm: 2.85 | Target u_t norm: 4.04
[Train Debug] v_pred norm: 3.09 | Target u_t norm: 4.04
[Train Debug] v_pred norm: 3.15 | Target u_t norm: 4.05
Step 15000/20000 | Loss: 0.2016
[Train Debug] v_pred norm: 3.11 | Target u_t norm: 4.05
[Train Debug] v_pred norm: 3.04 | Target u_t norm: 4.05
[Train Debug] v_pred norm: 3.18 | Target u_t norm: 4.05
[Train Debug] v_pred norm: 3.05 | Target u_t norm: 4.01
[Train Debug] v_pred norm: 3.10 | Target u_t norm: 4.04
Step 15500/20000 | Loss: 0.1918
[Train Debug] v_pred norm: 3.03 | Target u_t norm: 4.09
[Train Debug] v_pred norm: 2.98 | Target u_t norm: 4.01
[Train Debug] v_pred norm: 3.02 | Target u_t norm: 4.00
[Train Debug] v_pred norm: 3.10 | Target u_t norm: 3.99
[Train Debug] v_pred norm: 3.17 | Target u_t norm: 4.05
[Train Debug] v_pred norm: 3.03 | Target u_t norm: 4.03
Step 16000/20000 | Loss: 0.2061
[Train Debug] v_pred norm: 3.07 | Target u_t norm: 4.07
[Train Debug] v_pred norm: 3.11 | Target u_t norm: 4.07
[Train Debug] v_pred norm: 3.15 | Target u_t norm: 4.07
[Train Debug] v_pred norm: 3.09 | Target u_t norm: 4.04
[Train Debug] v_pred norm: 3.10 | Target u_t norm: 3.98
[Train Debug] v_pred norm: 2.93 | Target u_t norm: 4.04
[Train Debug] v_pred norm: 3.18 | Target u_t norm: 4.04
[Train Debug] v_pred norm: 3.04 | Target u_t norm: 4.05
[Train Debug] v_pred norm: 3.05 | Target u_t norm: 4.05
Step 16500/20000 | Loss: 0.1825
[Train Debug] v_pred norm: 3.10 | Target u_t norm: 4.05
[Train Debug] v_pred norm: 2.98 | Target u_t norm: 4.01
[Train Debug] v_pred norm: 3.07 | Target u_t norm: 4.03
[Train Debug] v_pred norm: 2.93 | Target u_t norm: 4.03
[Train Debug] v_pred norm: 3.09 | Target u_t norm: 4.01
[Train Debug] v_pred norm: 2.88 | Target u_t norm: 4.01
[Train Debug] v_pred norm: 3.10 | Target u_t norm: 4.02
Step 17000/20000 | Loss: 0.1949
[Train Debug] v_pred norm: 3.11 | Target u_t norm: 4.00
[Train Debug] v_pred norm: 3.11 | Target u_t norm: 4.03
[Train Debug] v_pred norm: 2.97 | Target u_t norm: 4.02
[Train Debug] v_pred norm: 3.03 | Target u_t norm: 4.04
Step 17500/20000 | Loss: 0.1908
[Train Debug] v_pred norm: 3.11 | Target u_t norm: 4.02
[Train Debug] v_pred norm: 3.05 | Target u_t norm: 4.04
[Train Debug] v_pred norm: 2.93 | Target u_t norm: 4.05
[Train Debug] v_pred norm: 2.98 | Target u_t norm: 4.02
[Train Debug] v_pred norm: 3.07 | Target u_t norm: 4.02
[Train Debug] v_pred norm: 3.04 | Target u_t norm: 4.05
Step 18000/20000 | Loss: 0.2038
[Train Debug] v_pred norm: 3.02 | Target u_t norm: 3.98
[Train Debug] v_pred norm: 2.94 | Target u_t norm: 4.02
[Train Debug] v_pred norm: 3.06 | Target u_t norm: 4.04
[Train Debug] v_pred norm: 3.04 | Target u_t norm: 4.04
[Train Debug] v_pred norm: 3.16 | Target u_t norm: 4.08
[Train Debug] v_pred norm: 2.99 | Target u_t norm: 3.96
[Train Debug] v_pred norm: 3.03 | Target u_t norm: 4.04
[Train Debug] v_pred norm: 3.19 | Target u_t norm: 4.02
Step 18500/20000 | Loss: 0.1941
[Train Debug] v_pred norm: 2.94 | Target u_t norm: 4.00
[Train Debug] v_pred norm: 3.02 | Target u_t norm: 4.02
[Train Debug] v_pred norm: 3.19 | Target u_t norm: 4.07
[Train Debug] v_pred norm: 3.02 | Target u_t norm: 4.06
Step 19000/20000 | Loss: 0.2001
[Train Debug] v_pred norm: 3.02 | Target u_t norm: 4.04
[Train Debug] v_pred norm: 3.09 | Target u_t norm: 4.03
[Train Debug] v_pred norm: 3.07 | Target u_t norm: 3.99
[Train Debug] v_pred norm: 3.03 | Target u_t norm: 4.06
[Train Debug] v_pred norm: 3.04 | Target u_t norm: 4.01
Step 19500/20000 | Loss: 0.2085
[Train Debug] v_pred norm: 2.98 | Target u_t norm: 3.99
[Train Debug] v_pred norm: 3.12 | Target u_t norm: 4.05
[Train Debug] v_pred norm: 3.12 | Target u_t norm: 4.04
[Train Debug] v_pred norm: 3.04 | Target u_t norm: 4.03
[Train Debug] v_pred norm: 3.13 | Target u_t norm: 4.06
[Train Debug] v_pred norm: 3.00 | Target u_t norm: 4.04
Step 20000/20000 | Loss: 0.1882

Running Evaluation with Energy-based Guidance...
[Info] Safe Targets: Mean=1.4803 | Max=1.4803

[Debug] Start Sampling. X Range: [-0.96, 2.30]
[Debug] Y_Target Stats: Mean=1.4803 | Min=1.4803 | Max=1.4803
[Debug] Y_Start  Stats: Mean=0.6935  | Min=0.1560 | Max=1.2009
[Step 0] X_max: 2.30 | Flow: 13.88 | Grad: 9.08 | Reg: 6.44
[Step 0] ... Total(Clipped): 22.52
[Step 10] X_max: 2.25 | Flow: 28.65 | Grad: 8.44 | Reg: 6.23
[Step 10] ... Total(Clipped): 34.51
[Step 20] X_max: 2.28 | Flow: 33.00 | Grad: 7.86 | Reg: 6.05
[Step 20] ... Total(Clipped): 37.53
[Step 30] X_max: 2.35 | Flow: 33.54 | Grad: 7.28 | Reg: 5.90
[Step 30] ... Total(Clipped): 37.03
[Step 40] X_max: 2.47 | Flow: 32.29 | Grad: 6.39 | Reg: 5.79
[Step 40] ... Total(Clipped): 34.26
[Step 50] X_max: 2.64 | Flow: 27.11 | Grad: 5.20 | Reg: 5.71
[Step 50] ... Total(Clipped): 20.11
[Step 60] X_max: 2.82 | Flow: 45.01 | Grad: 4.21 | Reg: 5.68
[Step 60] ... Total(Clipped): 28.77
[Step 70] X_max: 2.98 | Flow: 59.00 | Grad: 3.15 | Reg: 5.67
[Step 70] ... Total(Clipped): 31.62
[Step 80] X_max: 3.15 | Flow: 74.43 | Grad: 2.07 | Reg: 5.72
[Step 80] ... Total(Clipped): 35.89
[Step 90] X_max: 3.32 | Flow: 86.94 | Grad: 1.00 | Reg: 5.84
[Step 90] ... Total(Clipped): 32.87
tensor([[ 9.1651e-01,  4.1955e-02,  7.8872e-02,  ..., -5.5717e-02,
          9.5310e-01,  6.4041e-03],
        [ 9.1490e-01,  1.9821e-02,  4.4868e-02,  ..., -1.8069e-02,
          9.3473e-01,  2.9560e-02],
        [-6.4576e-04,  4.9194e-02,  8.9124e-01,  ...,  2.4982e-02,
          4.0779e-02,  1.0854e-01],
        ...,
        [ 9.7416e-01, -5.5181e-03,  7.4044e-02,  ...,  9.5396e-01,
         -3.3779e-02, -6.7376e-02],
        [ 5.2862e-02,  2.0248e-03,  9.2011e-01,  ...,  4.0751e-02,
          1.0047e+00,  3.2558e-02],
        [ 1.2419e-01,  2.8947e-02,  1.6408e-01,  ...,  1.1954e-02,
          9.8605e-01,  8.6591e-02]])
[0.3676968  0.54619014 0.37448975 0.35518286 0.40684658 0.3733765
 0.37387127 0.354585   0.3475034  0.3413186  0.52359504 0.35292542
 0.38216922 0.324063   0.3663155  0.34279263 0.3717066  0.39855894
 0.33915392 0.3706655  0.40819693 0.39101347 0.40385726 0.4113821
 0.37845832 0.39450788 0.39241537 0.38722014 0.34049395 0.35282233
 0.36995423 0.39841464 0.35520348 0.37535563 0.3608729  0.47071496
 0.38049933 0.36056364 0.3835917  0.3381128  0.38428235 0.36467654
 0.40030098 0.3794479  0.40735167 0.45576835 0.34823528 0.39845586
 0.3539253  0.37123242 0.34307095 0.39050838 0.33806127 0.40052778
 0.7796355  0.36427453 0.43309075 0.35323465 0.390127   0.35143074
 0.40852678 0.50305116 0.36395496 0.39333278 0.59348327 0.3733868
 0.38203523 0.37843773 0.38229293 0.3777574  0.5174618  0.43377107
 0.34419453 0.36684123 0.39714673 0.3161671  0.41207275 0.34007132
 0.41470128 0.57851607 0.2511442  0.38580793 0.38782832 0.37473714
 0.34230816 0.40862986 0.39263183 0.5600235  0.6901311  0.3747784
 0.95283055 0.4461613  0.3956624  0.38191152 0.5364182  0.37509793
 0.34175155 0.41754627 0.3976106  0.3650064  0.35120398 0.39329156
 0.36932546 0.35585287 0.3740156  0.3317631  0.41490743 0.29709727
 0.41153672 0.36575887 0.38698307 0.39505422 0.48084772 0.36622274
 0.86799574 0.39409557 0.39070424 0.40206367 0.3597287  0.39907435
 0.41519606 0.39561084 0.36660412 0.3797365  0.33265987 0.35696614
 0.41780397 0.35102874]
------------------------------
Result (Valid 128): Mean 0.4020
Percentiles (100/80/50): 0.9528 | 0.4103 | 0.3812
------------------------------
